<?xml version="1.0" encoding="UTF-8"?>
<testng-results ignored="0" total="1" passed="1" failed="0" skipped="0">
  <reporter-output>
  </reporter-output>
  <suite started-at="2023-03-26T14:56:16 IST" name="Default suite" finished-at="2023-03-26T14:56:34 IST" duration-ms="18362">
    <groups>
      <group name="cucumber">
        <method signature="AbstractTestNGCucumberTests.runScenario(io.cucumber.testng.PickleWrapper,io.cucumber.testng.FeatureWrapper)[pri:0, instance:testRunner.CucumberRunnerTests@33d512c1]" name="runScenario" class="io.cucumber.testng.AbstractTestNGCucumberTests"/>
      </group> <!-- cucumber -->
    </groups>
    <test started-at="2023-03-26T14:56:16 IST" name="Default test" finished-at="2023-03-26T14:56:34 IST" duration-ms="18362">
      <class name="testRunner.CucumberRunnerTests">
        <test-method is-config="true" signature="setUpClass(org.testng.ITestContext)[pri:0, instance:testRunner.CucumberRunnerTests@33d512c1]" started-at="2023-03-26T14:56:16 IST" name="setUpClass" finished-at="2023-03-26T14:56:17 IST" duration-ms="626" status="PASS">
          <params>
            <param index="0">
              <value>
                <![CDATA[org.testng.TestRunner@7ce7e83c]]>
              </value>
            </param>
          </params>
          <reporter-output>
          </reporter-output>
        </test-method> <!-- setUpClass -->
        <test-method signature="runScenario(io.cucumber.testng.PickleWrapper,io.cucumber.testng.FeatureWrapper)[pri:0, instance:testRunner.CucumberRunnerTests@33d512c1]" started-at="2023-03-26T14:56:17 IST" name="runScenario" description="Runs Cucumber Scenarios" data-provider="scenarios" finished-at="2023-03-26T14:56:34 IST" duration-ms="17629" status="PASS">
          <params>
            <param index="0">
              <value>
                <![CDATA["Alert practice scenarios"]]>
              </value>
            </param>
            <param index="1">
              <value>
                <![CDATA["LetCode"]]>
              </value>
            </param>
          </params>
          <reporter-output>
          </reporter-output>
        </test-method> <!-- runScenario -->
        <test-method is-config="true" signature="tearDownClass()[pri:0, instance:testRunner.CucumberRunnerTests@33d512c1]" started-at="2023-03-26T14:56:34 IST" name="tearDownClass" finished-at="2023-03-26T14:56:34 IST" duration-ms="17" status="PASS">
          <reporter-output>
          </reporter-output>
        </test-method> <!-- tearDownClass -->
      </class> <!-- testRunner.CucumberRunnerTests -->
    </test> <!-- Default test -->
  </suite> <!-- Default suite -->
</testng-results>
